------------------------------------------------------------------------------------------------------------------------

[2015-09-07 19:59:11 #1 store] 
Database '/Users/SteveGreen/Development/Dev Workspace/RatedPlate_Java/RatedPlate/target/RatedPlate/WEB-INF/db/ratedplate.odb' is opened by 7365@Steves-MacBook-Pro.local

[2015-09-07 19:59:11 #2 type] 
Type com.ratedplate.model.User is not enhanced.

[2015-09-07 19:59:11 #3 type] 
Type com.ratedplate.model.Establishment is not enhanced.

[2015-09-07 19:59:11 #4 type] 
Type com.ratedplate.model.Plate is not enhanced.

[2015-09-07 19:59:11 #5 type] 
Type com.ratedplate.model.PlateRating is not enhanced.

[2015-09-07 19:59:11 #6 type] 
Type com.ratedplate.model.EstabRating is not enhanced.

[2015-09-07 19:59:46 #7 store] 
Database '/Users/SteveGreen/Development/Dev Workspace/RatedPlate_Java/RatedPlate/target/RatedPlate/WEB-INF/db/ratedplate.odb' is closed by 7365@Steves-MacBook-Pro.local

------------------------------------------------------------------------------------------------------------------------

[2015-09-07 20:00:18 #1 store] 
Database '/Users/SteveGreen/Development/Dev Workspace/RatedPlate_Java/RatedPlate/target/RatedPlate/WEB-INF/db/ratedplate.odb' is opened by 7382@Steves-MacBook-Pro.local

[2015-09-07 20:00:18 #2 type] 
Type com.ratedplate.model.User is not enhanced.

[2015-09-07 20:00:18 #3 type] 
Type com.ratedplate.model.Establishment is not enhanced.

[2015-09-07 20:00:18 #4 type] 
Type com.ratedplate.model.Plate is not enhanced.

[2015-09-07 20:00:18 #5 type] 
Type com.ratedplate.model.PlateRating is not enhanced.

[2015-09-07 20:00:18 #6 type] 
Type com.ratedplate.model.EstabRating is not enhanced.

[2015-09-07 20:03:46 #7 store] 
Database '/Users/SteveGreen/Development/Dev Workspace/RatedPlate_Java/RatedPlate/target/RatedPlate/WEB-INF/db/ratedplate.odb' is closed by 7382@Steves-MacBook-Pro.local

------------------------------------------------------------------------------------------------------------------------

[2015-09-07 20:22:04 #1 store] 
Database '/Users/SteveGreen/Development/Dev Workspace/RatedPlate_Java/RatedPlate/target/RatedPlate/WEB-INF/db/ratedplate.odb' has been recovered (tr. 23-23)

[2015-09-07 20:22:04 #2 store] 
Database '/Users/SteveGreen/Development/Dev Workspace/RatedPlate_Java/RatedPlate/target/RatedPlate/WEB-INF/db/ratedplate.odb' is opened by 7498@Steves-MacBook-Pro.local

[2015-09-07 20:22:04 #3 type] 
Type com.ratedplate.model.User is not enhanced.

[2015-09-07 20:22:04 #4 type] 
Type com.ratedplate.model.Establishment is not enhanced.

[2015-09-07 20:22:04 #5 type] 
Type com.ratedplate.model.Plate is not enhanced.

[2015-09-07 20:22:04 #6 type] 
Type com.ratedplate.model.PlateRating is not enhanced.

[2015-09-07 20:22:04 #7 type] 
Type com.ratedplate.model.EstabRating is not enhanced.

[2015-09-07 20:25:25 #8 store] 
Database '/Users/SteveGreen/Development/Dev Workspace/RatedPlate_Java/RatedPlate/target/RatedPlate/WEB-INF/db/ratedplate.odb' is closed by 7498@Steves-MacBook-Pro.local

------------------------------------------------------------------------------------------------------------------------

[2015-09-07 20:25:38 #1 store] 
Database '/Users/SteveGreen/Development/Dev Workspace/RatedPlate_Java/RatedPlate/target/RatedPlate/WEB-INF/db/ratedplate.odb' is opened by 7517@Steves-MacBook-Pro.local

[2015-09-07 20:25:38 #2 type] 
Type com.ratedplate.model.User is not enhanced.

[2015-09-07 20:25:38 #3 type] 
Type com.ratedplate.model.Establishment is not enhanced.

[2015-09-07 20:25:38 #4 type] 
Type com.ratedplate.model.Plate is not enhanced.

[2015-09-07 20:25:38 #5 type] 
Type com.ratedplate.model.PlateRating is not enhanced.

[2015-09-07 20:25:38 #6 type] 
Type com.ratedplate.model.EstabRating is not enhanced.

[2015-09-07 20:26:16 #7 store] 
Database '/Users/SteveGreen/Development/Dev Workspace/RatedPlate_Java/RatedPlate/target/RatedPlate/WEB-INF/db/ratedplate.odb' is closed by 7517@Steves-MacBook-Pro.local

------------------------------------------------------------------------------------------------------------------------

[2015-09-07 20:26:35 #1 store] 
Database '/Users/SteveGreen/Development/Dev Workspace/RatedPlate_Java/RatedPlate/target/RatedPlate/WEB-INF/db/ratedplate.odb' is opened by 7537@Steves-MacBook-Pro.local

[2015-09-07 20:26:35 #2 type] 
Type com.ratedplate.model.User is not enhanced.

[2015-09-07 20:26:35 #3 type] 
Type com.ratedplate.model.Establishment is not enhanced.

[2015-09-07 20:26:35 #4 type] 
Type com.ratedplate.model.Plate is not enhanced.

[2015-09-07 20:26:35 #5 type] 
Type com.ratedplate.model.PlateRating is not enhanced.

[2015-09-07 20:26:35 #6 type] 
Type com.ratedplate.model.EstabRating is not enhanced.

[2015-09-07 20:27:39 #7 store] 
Database '/Users/SteveGreen/Development/Dev Workspace/RatedPlate_Java/RatedPlate/target/RatedPlate/WEB-INF/db/ratedplate.odb' is closed by 7537@Steves-MacBook-Pro.local

------------------------------------------------------------------------------------------------------------------------

[2015-09-07 20:27:51 #1 store] 
Database '/Users/SteveGreen/Development/Dev Workspace/RatedPlate_Java/RatedPlate/target/RatedPlate/WEB-INF/db/ratedplate.odb' is opened by 7554@Steves-MacBook-Pro.local

[2015-09-07 20:27:51 #2 type] 
Type com.ratedplate.model.User is not enhanced.

[2015-09-07 20:27:51 #3 type] 
Type com.ratedplate.model.Establishment is not enhanced.

[2015-09-07 20:27:51 #4 type] 
Type com.ratedplate.model.Plate is not enhanced.

[2015-09-07 20:27:51 #5 type] 
Type com.ratedplate.model.PlateRating is not enhanced.

[2015-09-07 20:27:51 #6 type] 
Type com.ratedplate.model.EstabRating is not enhanced.

[2015-09-07 20:40:38 #7 store] 
Database '/Users/SteveGreen/Development/Dev Workspace/RatedPlate_Java/RatedPlate/target/RatedPlate/WEB-INF/db/ratedplate.odb' is closed by 7554@Steves-MacBook-Pro.local

